     1                                  ;asmhead
     2                                  ;TAB = 4
     3                                  
     4                                  ;BOOT_INFO関係
     5                                  CYLS    EQU     0x0ff0  ;ブートセクタが設定する
     6                                  LEDS    EQU     0x0ff1  
     7                                  VMODE   EQU     0x0ff2  ;何ビットカラーか？色数に関する情報
     8                                  SCRNX   EQU     0x0ff4  ;解像度のX
     9                                  SCRNY   EQU     0x0ff6  ;解像度のY
    10                                  VRAM    EQU     0x0ff8  ;グラフィックバッファの開始番地,VideoRAM
    11                                  
    12                                  ORG 0xc200 ;このプログラムがどこに読み込まれるか
    13                                  
    14 00000000 B013                    MOV AL,0x13 ;VGAグラフィックス、320x200x8bitカラー
    15 00000002 B400                    MOV AH,0x00
    16 00000004 CD10                    INT 0x10
    17                                  
    18 00000006 C606F20F08              MOV     BYTE [VMODE], 8 
    19 0000000B C706F40F4001            MOV     WORD [SCRNX], 320   
    20 00000011 C706F60FC800            MOV     WORD [SCRNY], 200  
    21 00000017 66C706F80F00000A00      MOV     DWORD [VRAM], 0x000a0000
    22                                  
    23 00000020 B402                    MOV     AH, 0x02
    24 00000022 CD16                    INT     0x16  ;キーボードBIOS
    25 00000024 A2F10F                  MOV     [LEDS], AL
    26                                  
    27                                  fin:
    28 00000027 F4                          HLT
    29 00000028 EBFD                        JMP fin
