     1                                  ;asmhead
     2                                  ;TAB = 4
     3                                  
     4                                  
     5                                  BOTPAK	EQU     0x00280000      ; bootpackのロード先
     6                                  DSKCAC	EQU     0x00100000      ; ディスクキャッシュの場所
     7                                  DSKCAC0	EQU     0x00008000      ;ディスクキャッシュの終端
     8                                  
     9                                  ;BOOT_INFO関係
    10                                  CYLS    EQU     0x0ff0  ;ブートセクタが設定する
    11                                  LEDS    EQU     0x0ff1  
    12                                  VMODE   EQU     0x0ff2  ;何ビットカラーか？色数に関する情報
    13                                  SCRNX   EQU     0x0ff4  ;解像度のX
    14                                  SCRNY   EQU     0x0ff6  ;解像度のY
    15                                  VRAM    EQU     0x0ff8  ;グラフィックバッファの開始番地,VideoRAM
    16                                  
    17                                  ORG 0xc200 ;このプログラムがどこに読み込まれるか
    18                                  
    19 00000000 B013                    MOV AL,0x13 ;VGAグラフィックス、320x200x8bitカラー
    20 00000002 B400                    MOV AH,0x00
    21 00000004 CD10                    INT 0x10
    22                                  
    23 00000006 C606F20F08              MOV     BYTE [VMODE], 8 
    24 0000000B C706F40F4001            MOV     WORD [SCRNX], 320   
    25 00000011 C706F60FC800            MOV     WORD [SCRNY], 200  
    26 00000017 66C706F80F00000A00      MOV     DWORD [VRAM], 0x000a0000
    27                                  
    28 00000020 B402                    MOV     AH, 0x02
    29 00000022 CD16                    INT     0x16  ;キーボードBIOS
    30 00000024 A2F10F                  MOV     [LEDS], AL
    31                                  
    32                                  ; PICが一切の割り込みを受け付けないようにする、PICの初期化はあと
    33                                  
    34 00000027 B0FF                    MOV     AL,0xff
    35 00000029 E621                    OUT     0x21,AL
    36 0000002B 90                      NOP
    37 0000002C E6A1                    OUT     0xa1,AL
    38 0000002E FA                      CLI
    39                                  
    40                                  ; CPUから1MB以上のメモリにアクセスできるようにA20GATEを設定
    41                                  
    42 0000002F E8B500                  CALL    waitkdout
    43 00000032 B0D1                    MOV     AL,0xd1
    44 00000034 E664                    OUT     0x64,AL
    45 00000036 E8AE00                  CALL    waitkdout
    46 00000039 B0DF                    MOV     AL,0xdf
    47 0000003B E660                    OUT     0x60,AL
    48 0000003D E8A700                  CALL    waitkdout
    49                                  
    50                                  ;プロテクトモード移行
    51                                  
    52                                  ;[INSTRSET "i486p"]
    53                                  
    54 00000040 0F0116[2A01]                LGDT    [GDTR0]
    55 00000045 0F20C0                      MOV EAX,CR0
    56 00000048 6625FFFFFF7F                AND EAX,0x7fffffff
    57 0000004E 6683C801                    OR  EAX,0x00000001
    58 00000052 0F22C0                      MOV CR0,EAX
    59 00000055 EB00                        JMP pipelineflush
    60                                  pipelineflush:
    61 00000057 B80800                      MOV AX,1*8
    62 0000005A 8ED8                        MOV DS,AX
    63 0000005C 8EC0                        MOV ES,AX
    64 0000005E 8EE0                        MOV FS,AX
    65 00000060 8EE8                        MOV GS,AX
    66 00000062 8ED0                        MOV SS,AX
    67                                  
    68                                  ;bootpackの転送
    69 00000064 66BE[30010000]              MOV ESI,bootpack
    70 0000006A 66BF00002800                MOV EDI,BOTPAK
    71 00000070 66B900000200                MOV ECX,512*1024/4
    72 00000076 E87500                      CALL memcpy
    73                                  
    74                                  ;ディスクデータも本来の位置へ転送
    75                                  ; ブートセクタの転送
    76                                  
    77 00000079 66BE007C0000                MOV ESI,0x7c00
    78 0000007F 66BF00001000                MOV EDI,DSKCAC
    79 00000085 66B980000000                MOV ECX,512/4
    80 0000008B E86000                      CALL memcpy
    81                                  
    82                                  ;残り全部
    83                                  
    84 0000008E 66BE00820000                MOV ESI,DSKCAC0+512 ;転送元
    85 00000094 66BF00021000                MOV EDI,DSKCAC+512 ;転送先
    86 0000009A 66B900000000                MOV ECX,0
    87 000000A0 8A0EF00F                    MOV CL,BYTE [CYLS]
    88 000000A4 6669C900120000              IMUL    ECX,512*18*2/4 
    89 000000AB 6681E980000000              SUB ECX,512/4
    90 000000B2 E83900                      CALL    memcpy
    91                                  
    92                                  ;asmheadの処理は全て終了、後半のC言語部の起動
    93                                  
    94                                  ; bootpackの起動
    95                                  
    96 000000B5 66BB00002800                MOV EBX,BOTPAK
    97 000000BB 66678B4B10                  MOV ECX,[EBX+16]
    98 000000C0 6683C103                    ADD ECX,3
    99 000000C4 66C1E902                    SHR ECX,2
   100 000000C8 7410                        JZ  skip
   101 000000CA 66678B7314                  MOV ESI,[EBX+20]
   102 000000CF 6601DE                      ADD ESI,EBX
   103 000000D2 66678B7B0C                  MOV EDI,[EBX+12]
   104 000000D7 E81400                      CALL memcpy
   105                                  skip:
   106 000000DA 66678B630C                  MOV ESP,[EBX+12]
   107 000000DF 66EA1B0000001000            JMP DWORD 2*8:0x0000001b
   108                                  waitkdout:
   109 000000E7 E464                        IN  AL,0x64
   110 000000E9 2402                        AND AL,0x02
   111 000000EB 75FA                        JNZ waitkdout
   112 000000ED C3                          RET
   113                                  memcpy:
   114 000000EE 66678B06                    MOV EAX,[ESI]
   115 000000F2 6683C604                    ADD ESI,4
   116 000000F6 66678907                    MOV [EDI],EAX
   117 000000FA 6683C704                    ADD EDI,4
   118 000000FE 6683E901                    SUB ECX,1
   119 00000102 75EA                        JNZ memcpy
   120 00000104 C3                          RET
   121                                  
   122 00000105 <res 0000000B>              ALIGNB 16
   122          ******************       warning: uninitialized space declared in .text section: zeroing
   123                                  
   124                                  GDT0:
   125 00000110 <res 00000008>              RESB 8
   125          ******************       warning: uninitialized space declared in .text section: zeroing
   126 00000118 FFFF00000092CF00            DW   0xffff,0x0000,0x9200,0x00cf
   127 00000120 FFFF0000289A4700            DW   0xffff,0x0000,0x9a28,0x0047
   128                                  
   129 00000128 0000                        DW  0
   130                                  
   131                                  GDTR0:
   132 0000012A 1700                        DW  8*3-1
   133 0000012C [10010000]                  DD  GDT0
   134                                  
   135                                      ALIGNB  16
   136                                  
   137                                  bootpack:
