     1                                  ;hello-os
     2                                  ;TAB = 4
     3                                      CYLS    EQU     10 
     4                                      OS_BODY EQU      0xc200 
     5                                      ORG 0x7c00 ;このプログラムがどこに読み込まれるか記述する
     6                                  
     7                                  ;FAT12フロッピーのための記述
     8                                      
     9 00000000 EB4E                        JMP     entry
    10 00000002 90                          DB      0x90
    11                                  
    12                                      ;DB      0xeb,0x4e,0x90
    13 00000003 48454C4C4F49504C            DB      "HELLOIPL"  ;ブートセクタの名前
    14 0000000B 0002                        DW      512         ;1セクタの大きさ（セクタ：データを読み書きする単位）
    15 0000000D 01                          DB      1           ;クラスタの大きさ(クラスタ：セクタの集まり、ファイルに割り当てる最小の単位)
    16 0000000E 0100                        DW      1           ;FATがどこからはじまるか（FAT：File Allocation Tables）
    17 00000010 02                          DB      2           ;FATの個数
    18 00000011 E000                        DW      224         ;ルートディレクトリの大きさ
    19 00000013 400B                        DW      2880        ;このドライブの大きさ
    20 00000015 F0                          DB      0xf0        ;メディアタイプ
    21 00000016 0900                        DW      9           ;FAT領域の長さ
    22 00000018 1200                        DW      18          ;１トラックにいくつセクタがあるか
    23 0000001A 0200                        DW      2           ;ヘッドの数
    24 0000001C 00000000                    DD      0           ;パーティションを使っていないので必ず0にする
    25 00000020 400B0000                    DD      2880        ;ドライブの大きさ
    26 00000024 000029                      DB      0,0,0x29    ;
    27 00000027 FFFFFFFF                    DD      0xffffffff  ;
    28 0000002B 48454C4C4F2D4F5320-         DB      "HELLO-OS   "  ;ディスクの名前(11バイト)
    28 00000034 2020               
    29 00000036 4641543132202020            DB      "FAT12   "     ;フォーマットの名前（8バイト）
    30 0000003E <res 00000012>              RESB    18      
    30          ******************       warning: uninitialized space declared in .text section: zeroing
    31                                  
    32                                  ;main
    33                                      entry:
    34 00000050 B80000                          MOV AX,0    ;レジスタの初期化
    35 00000053 8ED0                            MOV SS,AX   
    36 00000055 BC007C                          MOV SP,0x7c00
    37 00000058 8ED8                            MOV DS,AX
    38 0000005A 8EC0                            MOV ES,AX
    39                                  
    40 0000005C BE[CC00]                        MOV SI,msg
    41                                      
    42                                  ;load disk
    43 0000005F B82008                          MOV AX,0x0820
    44 00000062 8EC0                            MOV ES,AX ;追加セグメント
    45 00000064 B500                            MOV CH,0
    46 00000066 B600                            MOV DH,0
    47 00000068 B102                            MOV CL,2
    48                                  
    49                                  readloop:
    50 0000006A BE0000                          MOV SI,0
    51                                  
    52                                  retry:
    53 0000006D B402                            MOV AH,0x02
    54 0000006F B001                            MOV AL,1
    55 00000071 BB0000                          MOV BX,0
    56 00000074 B200                            MOV DL,0x00
    57 00000076 CD13                            INT 0x13
    58 00000078 7310                            JNC next
    59 0000007A 83C601                          ADD SI,1
    60 0000007D 83FE05                          CMP SI,5
    61 00000080 7335                            JAE error
    62 00000082 B400                            MOV AH,0x00
    63 00000084 B200                            MOV DL,0x00
    64 00000086 CD13                            INT 0x13    ;biosコール
    65 00000088 EBE3                            JMP retry   
    66                                      
    67                                  next:
    68 0000008A 8CC0                            MOV AX,ES
    69 0000008C 83C020                          ADD AX,0x0020
    70 0000008F 8EC0                            MOV ES,AX
    71 00000091 80C101                          ADD CL,1
    72 00000094 80F912                          CMP CL,18
    73 00000097 76D1                            JBE readloop
    74 00000099 B101                            MOV CL,1
    75 0000009B 80C601                          ADD DH,1
    76 0000009E 80FE02                          CMP DH,2
    77 000000A1 72C7                            JB readloop
    78 000000A3 B600                            MOV DH,0
    79 000000A5 80C501                          ADD CH,1
    80 000000A8 80FD0A                          CMP CH,CYLS
    81 000000AB 72BD                            JB readloop
    82                                  
    83 000000AD 882EF00F                        MOV [0x0ff0],CH
    84 000000B1 E9(00C2)                        JMP OS_BODY
    85                                  
    86                                  
    87                                  fin:   
    88 000000B4 F4                              HLT ;CPU停止(待機状態)
    89 000000B5 EBFD                            JMP fin ;無限ループ
    90                                  
    91                                  error:
    92 000000B7 BE[CC00]                        MOV SI,msg
    93                                      
    94                                  putloop:
    95 000000BA 8A04                            MOV AL,[SI]
    96 000000BC 83C601                          ADD SI,1
    97 000000BF 3C00                            CMP AL,0
    98 000000C1 74F1                            JE  fin
    99 000000C3 B40E                            MOV AH,0x0e ;1文字表示ファンクション
   100 000000C5 BB0F00                          MOV BX,15   ;カラーコード
   101 000000C8 CD10                            INT 0x10    ;ビデオBIOS呼び出し
   102 000000CA EBEE                            JMP putloop
   103                                      
   104                                  
   105                                          
   106                                  msg:
   107 000000CC 0A0A                            DB  0x0a,0x0a
   108 000000CE 6C6F6164206572726F-             DB  "load error"
   108 000000D7 72                 
   109 000000D8 0A                              DB  0x0a
   110 000000D9 00                              DB  0
   111                                  
   112 000000DA <res 00000124>                  RESB    0x1fe-($-$$)
   112          ******************       warning: uninitialized space declared in .text section: zeroing
   113 000001FE 55AA                            DB 0x55,0xaa
   114                                  
   115                                  
